Mon Jun  9 14:51:07 CEST 2025: Starting bot (attempt 1)
2025/06/09 14:51:07 Authorized on account stroopwaffelbot
2025/06/09 14:51:07 Starting Dutch Learning Bot...
2025/06/09 14:51:07 Bot started. Waiting for updates...
2025/06/09 14:51:07 Starting smart reminder service (check interval: 30m0s)
Mon Jun  9 14:52:39 CEST 2025: Starting bot (attempt 1)
2025/06/09 14:52:41 Authorized on account learnhomobot
2025/06/09 14:52:41 Starting Dutch Learning Bot...
2025/06/09 14:52:41 Bot started. Waiting for updates...
2025/06/09 14:52:41 Starting smart reminder service (check interval: 30m0s)
Mon Jun  9 14:53:55 CEST 2025: Starting bot (attempt 1)
2025/06/09 14:53:56 Authorized on account learnhomobot
2025/06/09 14:53:56 Bot commands configured successfully
2025/06/09 14:53:56 Starting Dutch Learning Bot...
2025/06/09 14:53:56 Bot started. Waiting for updates...
2025/06/09 14:53:56 Starting smart reminder service (check interval: 30m0s)
Mon Jun  9 15:02:37 CEST 2025: Starting bot (attempt 1)
2025/06/09 15:02:37 Failed to load vocabulary: invalid category: adjectives
Mon Jun  9 15:03:31 CEST 2025: Starting bot (attempt 1)
2025/06/09 15:03:31 Authorized on account learnhomobot
2025/06/09 15:03:31 Bot commands configured successfully
2025/06/09 15:03:31 Starting Dutch Learning Bot...
2025/06/09 15:03:31 Bot started. Waiting for updates...
2025/06/09 15:03:31 Starting smart reminder service (check interval: 30m0s)
Mon Jun  9 15:14:58 CEST 2025: Starting bot (attempt 1)
2025/06/09 15:14:58 Authorized on account learnhomobot
2025/06/09 15:14:58 Bot commands configured successfully
2025/06/09 15:14:58 Starting Dutch Learning Bot...
2025/06/09 15:14:58 Bot started. Waiting for updates...
2025/06/09 15:14:58 Starting smart reminder service (check interval: 30m0s)
Mon Jun  9 15:26:37 CEST 2025: Starting bot (attempt 1)
2025/06/09 15:26:38 Authorized on account learnhomobot
2025/06/09 15:26:38 Bot commands configured successfully
2025/06/09 15:26:38 Starting Dutch Learning Bot...
2025/06/09 15:26:38 Starting smart reminder service (check interval: 30m0s)
2025/06/09 15:26:38 Bot started. Waiting for updates...
Mon Jun  9 15:32:56 CEST 2025: Starting bot (attempt 1)
2025/06/09 15:32:56 Authorized on account learnhomobot
2025/06/09 15:32:56 Bot commands configured successfully
2025/06/09 15:32:56 Starting Dutch Learning Bot...
2025/06/09 15:32:56 Bot started. Waiting for updates...
2025/06/09 15:32:56 Starting smart reminder service (check interval: 30m0s)
Mon Jun  9 15:45:56 CEST 2025: Starting bot (attempt 1)
2025/06/09 15:45:56 Failed to load grammar tips: failed to decode grammar tips JSON: json: cannot unmarshal object into Go value of type []filesystem.GrammarTipEntry
Mon Jun  9 15:47:19 CEST 2025: Starting bot (attempt 1)
2025/06/09 15:47:19 Failed to populate grammar tips: failed to save grammar tip De vs Het - Basic Rules: failed to save grammar tip: table grammar_tips has no column named dutch_example
Mon Jun  9 15:49:14 CEST 2025: Starting bot (attempt 1)
2025/06/09 15:49:14 Authorized on account learnhomobot
2025/06/09 15:49:14 Bot commands configured successfully
2025/06/09 15:49:14 Starting Dutch Learning Bot...
2025/06/09 15:49:14 Bot started. Waiting for updates...
2025/06/09 15:49:14 Starting smart reminder service (check interval: 30m0s)
Mon Jun  9 15:51:25 CEST 2025: Starting bot (attempt 1)
2025/06/09 15:51:25 Authorized on account learnhomobot
2025/06/09 15:51:25 Bot commands configured successfully
2025/06/09 15:51:25 Starting Dutch Learning Bot...
2025/06/09 15:51:25 Bot started. Waiting for updates...
2025/06/09 15:51:25 Starting smart reminder service (check interval: 30m0s)
Mon Jun  9 16:01:43 CEST 2025: Starting bot (attempt 1)
2025/06/09 16:01:43 Authorized on account learnhomobot
2025/06/09 16:01:44 Bot commands configured successfully
2025/06/09 16:01:44 Starting Dutch Learning Bot...
2025/06/09 16:01:44 Bot started. Waiting for updates...
2025/06/09 16:01:44 Starting smart reminder service (check interval: 30m0s)
Mon Jun  9 16:08:46 CEST 2025: Bot crashed with exit code 130. Restarting...
